<?xml version="1.0" encoding="UTF-8"?>
<testsuite xmlns:xsi="http://www.w3.org/2001/XMLSchema-instance" xsi:noNamespaceSchemaLocation="https://maven.apache.org/surefire/maven-surefire-plugin/xsd/surefire-test-report.xsd" name="es.iprocuratio.AppTest" time="0.026" tests="1" errors="0" skipped="0" failures="0">
  <properties>
    <property name="sun.desktop" value="gnome"/>
    <property name="awt.toolkit" value="sun.awt.X11.XToolkit"/>
    <property name="file.encoding.pkg" value="sun.io"/>
    <property name="java.specification.version" value="1.8"/>
    <property name="sun.cpu.isalist" value=""/>
    <property name="sun.jnu.encoding" value="UTF-8"/>
    <property name="java.class.path" value="/home/atienda/desarrollo/cursos/kafka/kafkaelastic/target/test-classes:/home/atienda/desarrollo/cursos/kafka/kafkaelastic/target/classes:/home/atienda/.m2/repository/junit/junit/4.11/junit-4.11.jar:/home/atienda/.m2/repository/org/hamcrest/hamcrest-core/1.3/hamcrest-core-1.3.jar:/home/atienda/.m2/repository/org/springframework/kafka/spring-kafka/2.3.0.RELEASE/spring-kafka-2.3.0.RELEASE.jar:/home/atienda/.m2/repository/org/apache/kafka/kafka-clients/2.3.0/kafka-clients-2.3.0.jar:/home/atienda/.m2/repository/com/github/luben/zstd-jni/1.4.0-1/zstd-jni-1.4.0-1.jar:/home/atienda/.m2/repository/org/lz4/lz4-java/1.6.0/lz4-java-1.6.0.jar:/home/atienda/.m2/repository/org/xerial/snappy/snappy-java/1.1.7.3/snappy-java-1.1.7.3.jar:/home/atienda/.m2/repository/org/springframework/retry/spring-retry/1.2.4.RELEASE/spring-retry-1.2.4.RELEASE.jar:/home/atienda/.m2/repository/org/springframework/spring-context/5.2.0.RELEASE/spring-context-5.2.0.RELEASE.jar:/home/atienda/.m2/repository/org/springframework/spring-aop/5.2.0.RELEASE/spring-aop-5.2.0.RELEASE.jar:/home/atienda/.m2/repository/org/springframework/spring-beans/5.2.0.RELEASE/spring-beans-5.2.0.RELEASE.jar:/home/atienda/.m2/repository/org/springframework/spring-core/5.2.0.RELEASE/spring-core-5.2.0.RELEASE.jar:/home/atienda/.m2/repository/org/springframework/spring-jcl/5.2.0.RELEASE/spring-jcl-5.2.0.RELEASE.jar:/home/atienda/.m2/repository/org/springframework/spring-expression/5.2.0.RELEASE/spring-expression-5.2.0.RELEASE.jar:/home/atienda/.m2/repository/org/springframework/spring-messaging/5.2.0.RELEASE/spring-messaging-5.2.0.RELEASE.jar:/home/atienda/.m2/repository/org/springframework/spring-tx/5.2.0.RELEASE/spring-tx-5.2.0.RELEASE.jar:/home/atienda/.m2/repository/org/slf4j/slf4j-jdk14/1.7.28/slf4j-jdk14-1.7.28.jar:/home/atienda/.m2/repository/org/slf4j/slf4j-api/1.7.28/slf4j-api-1.7.28.jar:/home/atienda/.m2/repository/org/elasticsearch/client/elasticsearch-rest-high-level-client/7.6.0/elasticsearch-rest-high-level-client-7.6.0.jar:/home/atienda/.m2/repository/org/elasticsearch/elasticsearch/7.6.0/elasticsearch-7.6.0.jar:/home/atienda/.m2/repository/org/elasticsearch/elasticsearch-core/7.6.0/elasticsearch-core-7.6.0.jar:/home/atienda/.m2/repository/org/elasticsearch/elasticsearch-secure-sm/7.6.0/elasticsearch-secure-sm-7.6.0.jar:/home/atienda/.m2/repository/org/elasticsearch/elasticsearch-x-content/7.6.0/elasticsearch-x-content-7.6.0.jar:/home/atienda/.m2/repository/org/yaml/snakeyaml/1.17/snakeyaml-1.17.jar:/home/atienda/.m2/repository/com/fasterxml/jackson/dataformat/jackson-dataformat-smile/2.8.11/jackson-dataformat-smile-2.8.11.jar:/home/atienda/.m2/repository/com/fasterxml/jackson/dataformat/jackson-dataformat-yaml/2.8.11/jackson-dataformat-yaml-2.8.11.jar:/home/atienda/.m2/repository/com/fasterxml/jackson/dataformat/jackson-dataformat-cbor/2.8.11/jackson-dataformat-cbor-2.8.11.jar:/home/atienda/.m2/repository/org/elasticsearch/elasticsearch-geo/7.6.0/elasticsearch-geo-7.6.0.jar:/home/atienda/.m2/repository/org/apache/lucene/lucene-core/8.4.0/lucene-core-8.4.0.jar:/home/atienda/.m2/repository/org/apache/lucene/lucene-analyzers-common/8.4.0/lucene-analyzers-common-8.4.0.jar:/home/atienda/.m2/repository/org/apache/lucene/lucene-backward-codecs/8.4.0/lucene-backward-codecs-8.4.0.jar:/home/atienda/.m2/repository/org/apache/lucene/lucene-grouping/8.4.0/lucene-grouping-8.4.0.jar:/home/atienda/.m2/repository/org/apache/lucene/lucene-highlighter/8.4.0/lucene-highlighter-8.4.0.jar:/home/atienda/.m2/repository/org/apache/lucene/lucene-join/8.4.0/lucene-join-8.4.0.jar:/home/atienda/.m2/repository/org/apache/lucene/lucene-memory/8.4.0/lucene-memory-8.4.0.jar:/home/atienda/.m2/repository/org/apache/lucene/lucene-misc/8.4.0/lucene-misc-8.4.0.jar:/home/atienda/.m2/repository/org/apache/lucene/lucene-queries/8.4.0/lucene-queries-8.4.0.jar:/home/atienda/.m2/repository/org/apache/lucene/lucene-queryparser/8.4.0/lucene-queryparser-8.4.0.jar:/home/atienda/.m2/repository/org/apache/lucene/lucene-sandbox/8.4.0/lucene-sandbox-8.4.0.jar:/home/atienda/.m2/repository/org/apache/lucene/lucene-spatial/8.4.0/lucene-spatial-8.4.0.jar:/home/atienda/.m2/repository/org/apache/lucene/lucene-spatial-extras/8.4.0/lucene-spatial-extras-8.4.0.jar:/home/atienda/.m2/repository/org/apache/lucene/lucene-spatial3d/8.4.0/lucene-spatial3d-8.4.0.jar:/home/atienda/.m2/repository/org/apache/lucene/lucene-suggest/8.4.0/lucene-suggest-8.4.0.jar:/home/atienda/.m2/repository/org/elasticsearch/elasticsearch-cli/7.6.0/elasticsearch-cli-7.6.0.jar:/home/atienda/.m2/repository/com/carrotsearch/hppc/0.8.1/hppc-0.8.1.jar:/home/atienda/.m2/repository/joda-time/joda-time/2.10.4/joda-time-2.10.4.jar:/home/atienda/.m2/repository/com/tdunning/t-digest/3.2/t-digest-3.2.jar:/home/atienda/.m2/repository/org/hdrhistogram/HdrHistogram/2.1.9/HdrHistogram-2.1.9.jar:/home/atienda/.m2/repository/org/apache/logging/log4j/log4j-api/2.11.1/log4j-api-2.11.1.jar:/home/atienda/.m2/repository/org/elasticsearch/jna/4.5.1/jna-4.5.1.jar:/home/atienda/.m2/repository/org/elasticsearch/client/elasticsearch-rest-client/7.6.0/elasticsearch-rest-client-7.6.0.jar:/home/atienda/.m2/repository/org/apache/httpcomponents/httpclient/4.5.10/httpclient-4.5.10.jar:/home/atienda/.m2/repository/org/apache/httpcomponents/httpcore/4.4.12/httpcore-4.4.12.jar:/home/atienda/.m2/repository/org/apache/httpcomponents/httpasyncclient/4.1.4/httpasyncclient-4.1.4.jar:/home/atienda/.m2/repository/org/apache/httpcomponents/httpcore-nio/4.4.12/httpcore-nio-4.4.12.jar:/home/atienda/.m2/repository/commons-codec/commons-codec/1.11/commons-codec-1.11.jar:/home/atienda/.m2/repository/commons-logging/commons-logging/1.1.3/commons-logging-1.1.3.jar:/home/atienda/.m2/repository/org/elasticsearch/plugin/mapper-extras-client/7.6.0/mapper-extras-client-7.6.0.jar:/home/atienda/.m2/repository/org/elasticsearch/plugin/parent-join-client/7.6.0/parent-join-client-7.6.0.jar:/home/atienda/.m2/repository/org/elasticsearch/plugin/aggs-matrix-stats-client/7.6.0/aggs-matrix-stats-client-7.6.0.jar:/home/atienda/.m2/repository/org/elasticsearch/plugin/rank-eval-client/7.6.0/rank-eval-client-7.6.0.jar:/home/atienda/.m2/repository/org/elasticsearch/plugin/lang-mustache-client/7.6.0/lang-mustache-client-7.6.0.jar:/home/atienda/.m2/repository/com/github/spullara/mustache/java/compiler/0.9.6/compiler-0.9.6.jar:/home/atienda/.m2/repository/org/springframework/kafka/spring-kafka-test/2.3.0.RELEASE/spring-kafka-test-2.3.0.RELEASE.jar:/home/atienda/.m2/repository/org/apache/kafka/kafka-clients/2.3.0/kafka-clients-2.3.0-test.jar:/home/atienda/.m2/repository/org/apache/kafka/kafka-streams/2.3.0/kafka-streams-2.3.0.jar:/home/atienda/.m2/repository/org/apache/kafka/connect-json/2.3.0/connect-json-2.3.0.jar:/home/atienda/.m2/repository/org/apache/kafka/connect-api/2.3.0/connect-api-2.3.0.jar:/home/atienda/.m2/repository/org/rocksdb/rocksdbjni/5.18.3/rocksdbjni-5.18.3.jar:/home/atienda/.m2/repository/org/apache/kafka/kafka-streams-test-utils/2.3.0/kafka-streams-test-utils-2.3.0.jar:/home/atienda/.m2/repository/org/apache/kafka/kafka_2.12/2.3.0/kafka_2.12-2.3.0.jar:/home/atienda/.m2/repository/com/fasterxml/jackson/module/jackson-module-scala_2.12/2.9.9/jackson-module-scala_2.12-2.9.9.jar:/home/atienda/.m2/repository/com/fasterxml/jackson/module/jackson-module-paranamer/2.9.9/jackson-module-paranamer-2.9.9.jar:/home/atienda/.m2/repository/com/thoughtworks/paranamer/paranamer/2.8/paranamer-2.8.jar:/home/atienda/.m2/repository/com/fasterxml/jackson/dataformat/jackson-dataformat-csv/2.9.9/jackson-dataformat-csv-2.9.9.jar:/home/atienda/.m2/repository/com/fasterxml/jackson/datatype/jackson-datatype-jdk8/2.9.9/jackson-datatype-jdk8-2.9.9.jar:/home/atienda/.m2/repository/net/sf/jopt-simple/jopt-simple/5.0.4/jopt-simple-5.0.4.jar:/home/atienda/.m2/repository/com/yammer/metrics/metrics-core/2.2.0/metrics-core-2.2.0.jar:/home/atienda/.m2/repository/org/scala-lang/scala-library/2.12.8/scala-library-2.12.8.jar:/home/atienda/.m2/repository/org/scala-lang/scala-reflect/2.12.8/scala-reflect-2.12.8.jar:/home/atienda/.m2/repository/com/typesafe/scala-logging/scala-logging_2.12/3.9.0/scala-logging_2.12-3.9.0.jar:/home/atienda/.m2/repository/com/101tec/zkclient/0.11/zkclient-0.11.jar:/home/atienda/.m2/repository/org/apache/zookeeper/zookeeper/3.4.14/zookeeper-3.4.14.jar:/home/atienda/.m2/repository/com/github/spotbugs/spotbugs-annotations/3.1.9/spotbugs-annotations-3.1.9.jar:/home/atienda/.m2/repository/com/google/code/findbugs/jsr305/3.0.2/jsr305-3.0.2.jar:/home/atienda/.m2/repository/org/apache/yetus/audience-annotations/0.5.0/audience-annotations-0.5.0.jar:/home/atienda/.m2/repository/org/apache/kafka/kafka_2.12/2.3.0/kafka_2.12-2.3.0-test.jar:/home/atienda/.m2/repository/org/junit/jupiter/junit-jupiter-api/5.5.2/junit-jupiter-api-5.5.2.jar:/home/atienda/.m2/repository/org/apiguardian/apiguardian-api/1.1.0/apiguardian-api-1.1.0.jar:/home/atienda/.m2/repository/org/opentest4j/opentest4j/1.2.0/opentest4j-1.2.0.jar:/home/atienda/.m2/repository/org/junit/platform/junit-platform-commons/1.5.2/junit-platform-commons-1.5.2.jar:/home/atienda/.m2/repository/org/springframework/spring-test/5.2.0.RELEASE/spring-test-5.2.0.RELEASE.jar:/home/atienda/.m2/repository/ch/qos/logback/logback-classic/1.2.3/logback-classic-1.2.3.jar:/home/atienda/.m2/repository/ch/qos/logback/logback-core/1.2.3/logback-core-1.2.3.jar:/home/atienda/.m2/repository/org/slf4j/slf4j-log4j12/1.7.28/slf4j-log4j12-1.7.28.jar:/home/atienda/.m2/repository/log4j/log4j/1.2.17/log4j-1.2.17.jar:/home/atienda/.m2/repository/com/fasterxml/jackson/core/jackson-databind/2.9.8/jackson-databind-2.9.8.jar:/home/atienda/.m2/repository/com/fasterxml/jackson/core/jackson-annotations/2.9.0/jackson-annotations-2.9.0.jar:/home/atienda/.m2/repository/com/fasterxml/jackson/core/jackson-core/2.9.8/jackson-core-2.9.8.jar:"/>
    <property name="java.vm.vendor" value="Oracle Corporation"/>
    <property name="sun.arch.data.model" value="64"/>
    <property name="java.vendor.url" value="http://java.oracle.com/"/>
    <property name="user.timezone" value=""/>
    <property name="java.vm.specification.version" value="1.8"/>
    <property name="os.name" value="Linux"/>
    <property name="user.country" value="ES"/>
    <property name="sun.java.launcher" value="SUN_STANDARD"/>
    <property name="sun.boot.library.path" value="/home/atienda/Android/jdk1.8.0_202/jre/lib/amd64"/>
    <property name="sun.java.command" value="/home/atienda/desarrollo/cursos/kafka/kafkaelastic/target/surefire/surefirebooter8822853220939466902.jar /home/atienda/desarrollo/cursos/kafka/kafkaelastic/target/surefire 2020-06-02T18-27-13_083-jvmRun1 surefire7322477484659241851tmp surefire_02745779656207181877tmp"/>
    <property name="surefire.test.class.path" value="/home/atienda/desarrollo/cursos/kafka/kafkaelastic/target/test-classes:/home/atienda/desarrollo/cursos/kafka/kafkaelastic/target/classes:/home/atienda/.m2/repository/junit/junit/4.11/junit-4.11.jar:/home/atienda/.m2/repository/org/hamcrest/hamcrest-core/1.3/hamcrest-core-1.3.jar:/home/atienda/.m2/repository/org/springframework/kafka/spring-kafka/2.3.0.RELEASE/spring-kafka-2.3.0.RELEASE.jar:/home/atienda/.m2/repository/org/apache/kafka/kafka-clients/2.3.0/kafka-clients-2.3.0.jar:/home/atienda/.m2/repository/com/github/luben/zstd-jni/1.4.0-1/zstd-jni-1.4.0-1.jar:/home/atienda/.m2/repository/org/lz4/lz4-java/1.6.0/lz4-java-1.6.0.jar:/home/atienda/.m2/repository/org/xerial/snappy/snappy-java/1.1.7.3/snappy-java-1.1.7.3.jar:/home/atienda/.m2/repository/org/springframework/retry/spring-retry/1.2.4.RELEASE/spring-retry-1.2.4.RELEASE.jar:/home/atienda/.m2/repository/org/springframework/spring-context/5.2.0.RELEASE/spring-context-5.2.0.RELEASE.jar:/home/atienda/.m2/repository/org/springframework/spring-aop/5.2.0.RELEASE/spring-aop-5.2.0.RELEASE.jar:/home/atienda/.m2/repository/org/springframework/spring-beans/5.2.0.RELEASE/spring-beans-5.2.0.RELEASE.jar:/home/atienda/.m2/repository/org/springframework/spring-core/5.2.0.RELEASE/spring-core-5.2.0.RELEASE.jar:/home/atienda/.m2/repository/org/springframework/spring-jcl/5.2.0.RELEASE/spring-jcl-5.2.0.RELEASE.jar:/home/atienda/.m2/repository/org/springframework/spring-expression/5.2.0.RELEASE/spring-expression-5.2.0.RELEASE.jar:/home/atienda/.m2/repository/org/springframework/spring-messaging/5.2.0.RELEASE/spring-messaging-5.2.0.RELEASE.jar:/home/atienda/.m2/repository/org/springframework/spring-tx/5.2.0.RELEASE/spring-tx-5.2.0.RELEASE.jar:/home/atienda/.m2/repository/org/slf4j/slf4j-jdk14/1.7.28/slf4j-jdk14-1.7.28.jar:/home/atienda/.m2/repository/org/slf4j/slf4j-api/1.7.28/slf4j-api-1.7.28.jar:/home/atienda/.m2/repository/org/elasticsearch/client/elasticsearch-rest-high-level-client/7.6.0/elasticsearch-rest-high-level-client-7.6.0.jar:/home/atienda/.m2/repository/org/elasticsearch/elasticsearch/7.6.0/elasticsearch-7.6.0.jar:/home/atienda/.m2/repository/org/elasticsearch/elasticsearch-core/7.6.0/elasticsearch-core-7.6.0.jar:/home/atienda/.m2/repository/org/elasticsearch/elasticsearch-secure-sm/7.6.0/elasticsearch-secure-sm-7.6.0.jar:/home/atienda/.m2/repository/org/elasticsearch/elasticsearch-x-content/7.6.0/elasticsearch-x-content-7.6.0.jar:/home/atienda/.m2/repository/org/yaml/snakeyaml/1.17/snakeyaml-1.17.jar:/home/atienda/.m2/repository/com/fasterxml/jackson/dataformat/jackson-dataformat-smile/2.8.11/jackson-dataformat-smile-2.8.11.jar:/home/atienda/.m2/repository/com/fasterxml/jackson/dataformat/jackson-dataformat-yaml/2.8.11/jackson-dataformat-yaml-2.8.11.jar:/home/atienda/.m2/repository/com/fasterxml/jackson/dataformat/jackson-dataformat-cbor/2.8.11/jackson-dataformat-cbor-2.8.11.jar:/home/atienda/.m2/repository/org/elasticsearch/elasticsearch-geo/7.6.0/elasticsearch-geo-7.6.0.jar:/home/atienda/.m2/repository/org/apache/lucene/lucene-core/8.4.0/lucene-core-8.4.0.jar:/home/atienda/.m2/repository/org/apache/lucene/lucene-analyzers-common/8.4.0/lucene-analyzers-common-8.4.0.jar:/home/atienda/.m2/repository/org/apache/lucene/lucene-backward-codecs/8.4.0/lucene-backward-codecs-8.4.0.jar:/home/atienda/.m2/repository/org/apache/lucene/lucene-grouping/8.4.0/lucene-grouping-8.4.0.jar:/home/atienda/.m2/repository/org/apache/lucene/lucene-highlighter/8.4.0/lucene-highlighter-8.4.0.jar:/home/atienda/.m2/repository/org/apache/lucene/lucene-join/8.4.0/lucene-join-8.4.0.jar:/home/atienda/.m2/repository/org/apache/lucene/lucene-memory/8.4.0/lucene-memory-8.4.0.jar:/home/atienda/.m2/repository/org/apache/lucene/lucene-misc/8.4.0/lucene-misc-8.4.0.jar:/home/atienda/.m2/repository/org/apache/lucene/lucene-queries/8.4.0/lucene-queries-8.4.0.jar:/home/atienda/.m2/repository/org/apache/lucene/lucene-queryparser/8.4.0/lucene-queryparser-8.4.0.jar:/home/atienda/.m2/repository/org/apache/lucene/lucene-sandbox/8.4.0/lucene-sandbox-8.4.0.jar:/home/atienda/.m2/repository/org/apache/lucene/lucene-spatial/8.4.0/lucene-spatial-8.4.0.jar:/home/atienda/.m2/repository/org/apache/lucene/lucene-spatial-extras/8.4.0/lucene-spatial-extras-8.4.0.jar:/home/atienda/.m2/repository/org/apache/lucene/lucene-spatial3d/8.4.0/lucene-spatial3d-8.4.0.jar:/home/atienda/.m2/repository/org/apache/lucene/lucene-suggest/8.4.0/lucene-suggest-8.4.0.jar:/home/atienda/.m2/repository/org/elasticsearch/elasticsearch-cli/7.6.0/elasticsearch-cli-7.6.0.jar:/home/atienda/.m2/repository/com/carrotsearch/hppc/0.8.1/hppc-0.8.1.jar:/home/atienda/.m2/repository/joda-time/joda-time/2.10.4/joda-time-2.10.4.jar:/home/atienda/.m2/repository/com/tdunning/t-digest/3.2/t-digest-3.2.jar:/home/atienda/.m2/repository/org/hdrhistogram/HdrHistogram/2.1.9/HdrHistogram-2.1.9.jar:/home/atienda/.m2/repository/org/apache/logging/log4j/log4j-api/2.11.1/log4j-api-2.11.1.jar:/home/atienda/.m2/repository/org/elasticsearch/jna/4.5.1/jna-4.5.1.jar:/home/atienda/.m2/repository/org/elasticsearch/client/elasticsearch-rest-client/7.6.0/elasticsearch-rest-client-7.6.0.jar:/home/atienda/.m2/repository/org/apache/httpcomponents/httpclient/4.5.10/httpclient-4.5.10.jar:/home/atienda/.m2/repository/org/apache/httpcomponents/httpcore/4.4.12/httpcore-4.4.12.jar:/home/atienda/.m2/repository/org/apache/httpcomponents/httpasyncclient/4.1.4/httpasyncclient-4.1.4.jar:/home/atienda/.m2/repository/org/apache/httpcomponents/httpcore-nio/4.4.12/httpcore-nio-4.4.12.jar:/home/atienda/.m2/repository/commons-codec/commons-codec/1.11/commons-codec-1.11.jar:/home/atienda/.m2/repository/commons-logging/commons-logging/1.1.3/commons-logging-1.1.3.jar:/home/atienda/.m2/repository/org/elasticsearch/plugin/mapper-extras-client/7.6.0/mapper-extras-client-7.6.0.jar:/home/atienda/.m2/repository/org/elasticsearch/plugin/parent-join-client/7.6.0/parent-join-client-7.6.0.jar:/home/atienda/.m2/repository/org/elasticsearch/plugin/aggs-matrix-stats-client/7.6.0/aggs-matrix-stats-client-7.6.0.jar:/home/atienda/.m2/repository/org/elasticsearch/plugin/rank-eval-client/7.6.0/rank-eval-client-7.6.0.jar:/home/atienda/.m2/repository/org/elasticsearch/plugin/lang-mustache-client/7.6.0/lang-mustache-client-7.6.0.jar:/home/atienda/.m2/repository/com/github/spullara/mustache/java/compiler/0.9.6/compiler-0.9.6.jar:/home/atienda/.m2/repository/org/springframework/kafka/spring-kafka-test/2.3.0.RELEASE/spring-kafka-test-2.3.0.RELEASE.jar:/home/atienda/.m2/repository/org/apache/kafka/kafka-clients/2.3.0/kafka-clients-2.3.0-test.jar:/home/atienda/.m2/repository/org/apache/kafka/kafka-streams/2.3.0/kafka-streams-2.3.0.jar:/home/atienda/.m2/repository/org/apache/kafka/connect-json/2.3.0/connect-json-2.3.0.jar:/home/atienda/.m2/repository/org/apache/kafka/connect-api/2.3.0/connect-api-2.3.0.jar:/home/atienda/.m2/repository/org/rocksdb/rocksdbjni/5.18.3/rocksdbjni-5.18.3.jar:/home/atienda/.m2/repository/org/apache/kafka/kafka-streams-test-utils/2.3.0/kafka-streams-test-utils-2.3.0.jar:/home/atienda/.m2/repository/org/apache/kafka/kafka_2.12/2.3.0/kafka_2.12-2.3.0.jar:/home/atienda/.m2/repository/com/fasterxml/jackson/module/jackson-module-scala_2.12/2.9.9/jackson-module-scala_2.12-2.9.9.jar:/home/atienda/.m2/repository/com/fasterxml/jackson/module/jackson-module-paranamer/2.9.9/jackson-module-paranamer-2.9.9.jar:/home/atienda/.m2/repository/com/thoughtworks/paranamer/paranamer/2.8/paranamer-2.8.jar:/home/atienda/.m2/repository/com/fasterxml/jackson/dataformat/jackson-dataformat-csv/2.9.9/jackson-dataformat-csv-2.9.9.jar:/home/atienda/.m2/repository/com/fasterxml/jackson/datatype/jackson-datatype-jdk8/2.9.9/jackson-datatype-jdk8-2.9.9.jar:/home/atienda/.m2/repository/net/sf/jopt-simple/jopt-simple/5.0.4/jopt-simple-5.0.4.jar:/home/atienda/.m2/repository/com/yammer/metrics/metrics-core/2.2.0/metrics-core-2.2.0.jar:/home/atienda/.m2/repository/org/scala-lang/scala-library/2.12.8/scala-library-2.12.8.jar:/home/atienda/.m2/repository/org/scala-lang/scala-reflect/2.12.8/scala-reflect-2.12.8.jar:/home/atienda/.m2/repository/com/typesafe/scala-logging/scala-logging_2.12/3.9.0/scala-logging_2.12-3.9.0.jar:/home/atienda/.m2/repository/com/101tec/zkclient/0.11/zkclient-0.11.jar:/home/atienda/.m2/repository/org/apache/zookeeper/zookeeper/3.4.14/zookeeper-3.4.14.jar:/home/atienda/.m2/repository/com/github/spotbugs/spotbugs-annotations/3.1.9/spotbugs-annotations-3.1.9.jar:/home/atienda/.m2/repository/com/google/code/findbugs/jsr305/3.0.2/jsr305-3.0.2.jar:/home/atienda/.m2/repository/org/apache/yetus/audience-annotations/0.5.0/audience-annotations-0.5.0.jar:/home/atienda/.m2/repository/org/apache/kafka/kafka_2.12/2.3.0/kafka_2.12-2.3.0-test.jar:/home/atienda/.m2/repository/org/junit/jupiter/junit-jupiter-api/5.5.2/junit-jupiter-api-5.5.2.jar:/home/atienda/.m2/repository/org/apiguardian/apiguardian-api/1.1.0/apiguardian-api-1.1.0.jar:/home/atienda/.m2/repository/org/opentest4j/opentest4j/1.2.0/opentest4j-1.2.0.jar:/home/atienda/.m2/repository/org/junit/platform/junit-platform-commons/1.5.2/junit-platform-commons-1.5.2.jar:/home/atienda/.m2/repository/org/springframework/spring-test/5.2.0.RELEASE/spring-test-5.2.0.RELEASE.jar:/home/atienda/.m2/repository/ch/qos/logback/logback-classic/1.2.3/logback-classic-1.2.3.jar:/home/atienda/.m2/repository/ch/qos/logback/logback-core/1.2.3/logback-core-1.2.3.jar:/home/atienda/.m2/repository/org/slf4j/slf4j-log4j12/1.7.28/slf4j-log4j12-1.7.28.jar:/home/atienda/.m2/repository/log4j/log4j/1.2.17/log4j-1.2.17.jar:/home/atienda/.m2/repository/com/fasterxml/jackson/core/jackson-databind/2.9.8/jackson-databind-2.9.8.jar:/home/atienda/.m2/repository/com/fasterxml/jackson/core/jackson-annotations/2.9.0/jackson-annotations-2.9.0.jar:/home/atienda/.m2/repository/com/fasterxml/jackson/core/jackson-core/2.9.8/jackson-core-2.9.8.jar:"/>
    <property name="sun.cpu.endian" value="little"/>
    <property name="user.home" value="/home/atienda"/>
    <property name="user.language" value="es"/>
    <property name="java.specification.vendor" value="Oracle Corporation"/>
    <property name="java.home" value="/home/atienda/Android/jdk1.8.0_202/jre"/>
    <property name="basedir" value="/home/atienda/desarrollo/cursos/kafka/kafkaelastic"/>
    <property name="file.separator" value="/"/>
    <property name="line.separator" value="&#10;"/>
    <property name="java.vm.specification.vendor" value="Oracle Corporation"/>
    <property name="java.specification.name" value="Java Platform API Specification"/>
    <property name="java.awt.graphicsenv" value="sun.awt.X11GraphicsEnvironment"/>
    <property name="surefire.real.class.path" value="/home/atienda/desarrollo/cursos/kafka/kafkaelastic/target/surefire/surefirebooter8822853220939466902.jar"/>
    <property name="sun.boot.class.path" value="/home/atienda/Android/jdk1.8.0_202/jre/lib/resources.jar:/home/atienda/Android/jdk1.8.0_202/jre/lib/rt.jar:/home/atienda/Android/jdk1.8.0_202/jre/lib/sunrsasign.jar:/home/atienda/Android/jdk1.8.0_202/jre/lib/jsse.jar:/home/atienda/Android/jdk1.8.0_202/jre/lib/jce.jar:/home/atienda/Android/jdk1.8.0_202/jre/lib/charsets.jar:/home/atienda/Android/jdk1.8.0_202/jre/lib/jfr.jar:/home/atienda/Android/jdk1.8.0_202/jre/classes"/>
    <property name="sun.management.compiler" value="HotSpot 64-Bit Tiered Compilers"/>
    <property name="java.runtime.version" value="1.8.0_202-b08"/>
    <property name="user.name" value="atienda"/>
    <property name="path.separator" value=":"/>
    <property name="os.version" value="4.15.0-101-generic"/>
    <property name="java.endorsed.dirs" value="/home/atienda/Android/jdk1.8.0_202/jre/lib/endorsed"/>
    <property name="java.runtime.name" value="Java(TM) SE Runtime Environment"/>
    <property name="file.encoding" value="UTF-8"/>
    <property name="java.vm.name" value="Java HotSpot(TM) 64-Bit Server VM"/>
    <property name="localRepository" value="/home/atienda/.m2/repository"/>
    <property name="java.vendor.url.bug" value="http://bugreport.sun.com/bugreport/"/>
    <property name="java.io.tmpdir" value="/tmp"/>
    <property name="java.version" value="1.8.0_202"/>
    <property name="user.dir" value="/home/atienda/desarrollo/cursos/kafka/kafkaelastic"/>
    <property name="os.arch" value="amd64"/>
    <property name="java.vm.specification.name" value="Java Virtual Machine Specification"/>
    <property name="java.awt.printerjob" value="sun.print.PSPrinterJob"/>
    <property name="sun.os.patch.level" value="unknown"/>
    <property name="java.library.path" value="/usr/java/packages/lib/amd64:/usr/lib64:/lib64:/lib:/usr/lib"/>
    <property name="java.vm.info" value="mixed mode"/>
    <property name="java.vendor" value="Oracle Corporation"/>
    <property name="java.vm.version" value="25.202-b08"/>
    <property name="java.ext.dirs" value="/home/atienda/Android/jdk1.8.0_202/jre/lib/ext:/usr/java/packages/lib/ext"/>
    <property name="sun.io.unicode.encoding" value="UnicodeLittle"/>
    <property name="java.class.version" value="52.0"/>
  </properties>
  <testcase name="shouldAnswerWithTrue" classname="es.iprocuratio.AppTest" time="0.002"/>
</testsuite>